\BOOKMARK [1][-]{section.1}{\376\377\137\025\212\000}{}% 1
\BOOKMARK [1][-]{section.2}{\376\377\166\370\121\163\135\345\117\134\060\001\170\024\172\166\177\072\123\343\116\016\147\054\145\207\133\232\117\115}{}% 2
\BOOKMARK [2][-]{subsection.2.1}{\376\377\160\271\143\245\211\346\116\016\116\222\210\145\174\173\170\154\143\245\211\346\145\271\154\325}{section.2}% 3
\BOOKMARK [2][-]{subsection.2.2}{\376\377\230\172\136\224\143\245\211\346\152\041\127\213\116\016\131\015\147\102\121\340\117\125\143\245\211\346}{section.2}% 4
\BOOKMARK [2][-]{subsection.2.3}{\376\377\000S\000D\000F\000\040\127\050\131\015\147\102\143\245\211\346\136\372\152\041\116\055\166\204\157\134\122\233}{section.2}% 5
\BOOKMARK [2][-]{subsection.2.4}{\376\377\170\024\172\166\177\072\123\343\116\016\147\054\145\207\133\232\117\115}{section.2}% 6
\BOOKMARK [1][-]{section.3}{\376\377\225\356\230\230\133\232\116\111\116\016\121\340\117\125\210\150\217\360}{}% 7
\BOOKMARK [2][-]{subsection.3.1}{\376\377\121\340\117\125\210\150\171\072\116\016\213\260\123\367\176\246\133\232}{section.3}% 8
\BOOKMARK [2][-]{subsection.3.2}{\376\377\134\100\220\350\123\213\121\145\221\317\116\016\123\213\121\145\220\037\136\246}{section.3}% 9
\BOOKMARK [1][-]{section.4}{\376\377\127\372\116\216\000\040\000S\000D\000F\000\040\166\204\143\245\211\346\145\221\116\016\123\213\122\233\127\072\143\245\211\346\152\041\127\213}{}% 10
\BOOKMARK [2][-]{subsection.4.1}{\376\377\143\245\211\346\145\221\133\232\116\111}{section.4}% 11
\BOOKMARK [3][-]{subsubsection.4.1.1}{\376\377\120\031\220\011\143\245\211\346\123\072\127\337}{subsection.4.1}% 12
\BOOKMARK [3][-]{subsubsection.4.1.2}{\376\377\154\325\124\021\116\000\201\364\140\047\173\133\220\011}{subsection.4.1}% 13
\BOOKMARK [3][-]{subsubsection.4.1.3}{\376\377\123\314\217\271\215\335\171\273\116\000\201\364\140\047\173\133\220\011}{subsection.4.1}% 14
\BOOKMARK [2][-]{subsection.4.2}{\376\377\143\245\211\346\145\221\166\204\171\273\145\143\123\026}{section.4}% 15
\BOOKMARK [2][-]{subsection.4.3}{\376\377\134\100\220\350\123\213\122\233\127\072\152\041\127\213}{section.4}% 16
\BOOKMARK [3][-]{subsubsection.4.3.1}{\376\377\134\100\220\350\154\325\124\021\122\032\136\246\133\306\136\246}{subsection.4.3}% 17
\BOOKMARK [3][-]{subsubsection.4.3.2}{\376\377\134\100\220\350\226\073\134\074\174\373\145\160}{subsection.4.3}% 18
\BOOKMARK [2][-]{subsection.4.4}{\376\377\121\300\143\245\211\346\122\233\116\016\122\233\167\351}{section.4}% 19
\BOOKMARK [2][-]{subsection.4.5}{\376\377\145\160\120\074\172\063\133\232\123\026\173\126\165\145}{section.4}% 20
\BOOKMARK [1][-]{section.5}{\376\377\131\032\117\123\122\250\122\233\133\146\116\055\166\204\145\160\120\074\173\227\154\325}{}% 21
\BOOKMARK [2][-]{subsection.5.1}{\376\377\123\125\145\366\225\364\153\145\133\236\163\260\155\101\172\013}{section.5}% 22
\BOOKMARK [2][-]{subsection.5.2}{\376\377\117\052\116\343\170\001}{section.5}% 23
\BOOKMARK [2][-]{subsection.5.3}{\376\377\133\236\163\260\211\201\160\271}{section.5}% 24
\BOOKMARK [1][-]{section.6}{\376\377\127\372\121\306\173\227\117\213\213\276\213\241\116\016\213\304\116\367\123\117\213\256}{}% 25
\BOOKMARK [2][-]{subsection.6.1}{\376\377\133\371\153\324\127\372\176\277}{section.6}% 26
\BOOKMARK [2][-]{subsection.6.2}{\376\377\121\170\127\213\232\214\213\301\127\072\146\157}{section.6}% 27
\BOOKMARK [2][-]{subsection.6.3}{\376\377\213\304\116\367\143\007\150\007}{section.6}% 28
\BOOKMARK [2][-]{subsection.6.4}{\376\377\121\154\136\163\153\324\217\203\116\016\176\323\147\234\142\245\124\112\123\237\122\031}{section.6}% 29
\BOOKMARK [1][-]{section.7}{\376\377\176\323\147\234\116\016\213\250\213\272\150\106\147\266}{}% 30
\BOOKMARK [2][-]{subsection.7.1}{\376\377\143\245\211\346\145\221\221\315\136\372\215\050\221\317}{section.7}% 31
\BOOKMARK [2][-]{subsection.7.2}{\376\377\121\300\143\245\211\346\122\233\116\016\121\300\143\245\211\346\122\233\167\351\230\204\155\113}{section.7}% 32
\BOOKMARK [2][-]{subsection.7.3}{\376\377\122\250\140\001\124\315\136\224\217\336\176\355\140\047\116\016\145\160\120\074\172\063\133\232\140\047}{section.7}% 33
\BOOKMARK [2][-]{subsection.7.4}{\376\377\123\302\145\160\145\117\141\037\140\047\116\016\213\241\173\227\142\020\147\054}{section.7}% 34
\BOOKMARK [1][-]{section.8}{\376\377\145\271\154\325\220\002\165\050\203\003\126\364\116\016\134\100\226\120\140\047}{}% 35
\BOOKMARK [1][-]{section.9}{\376\377\176\323\213\272\116\016\134\125\147\033}{}% 36
